[0.906s] Invoking command in '/home/luismilczarek/DangerZone/FURG/aic3/robot_ws/build/robot_behavior': PYTHONPATH=/home/luismilczarek/DangerZone/FURG/aic3/robot_ws/build/robot_behavior/prefix_override:/home/luismilczarek/DangerZone/FURG/aic3/robot_ws/install/robot_behavior/lib/python3.8/site-packages:${PYTHONPATH} /usr/bin/python3 setup.py develop --editable --build-directory /home/luismilczarek/DangerZone/FURG/aic3/robot_ws/build/robot_behavior/build --no-deps install_data
[1.144s] running develop
[1.324s] running egg_info
[1.324s] creating robot_behavior.egg-info
[1.324s] writing robot_behavior.egg-info/PKG-INFO
[1.325s] writing dependency_links to robot_behavior.egg-info/dependency_links.txt
[1.325s] writing entry points to robot_behavior.egg-info/entry_points.txt
[1.325s] writing requirements to robot_behavior.egg-info/requires.txt
[1.325s] writing top-level names to robot_behavior.egg-info/top_level.txt
[1.326s] writing manifest file 'robot_behavior.egg-info/SOURCES.txt'
[1.352s] reading manifest file 'robot_behavior.egg-info/SOURCES.txt'
[1.353s] writing manifest file 'robot_behavior.egg-info/SOURCES.txt'
[1.382s] running build_ext
[1.382s] Creating /home/luismilczarek/DangerZone/FURG/aic3/robot_ws/install/robot_behavior/lib/python3.8/site-packages/site.py
[1.384s] Creating /home/luismilczarek/DangerZone/FURG/aic3/robot_ws/install/robot_behavior/lib/python3.8/site-packages/robot-behavior.egg-link (link to .)
[1.384s] 
[1.385s] Installed /home/luismilczarek/DangerZone/FURG/aic3/robot_ws/build/robot_behavior
[1.385s] running install_data
[1.385s] creating /home/luismilczarek/DangerZone/FURG/aic3/robot_ws/install/robot_behavior/share/ament_index
[1.385s] creating /home/luismilczarek/DangerZone/FURG/aic3/robot_ws/install/robot_behavior/share/ament_index/resource_index
[1.385s] creating /home/luismilczarek/DangerZone/FURG/aic3/robot_ws/install/robot_behavior/share/ament_index/resource_index/packages
[1.385s] copying resource/robot_behavior -> /home/luismilczarek/DangerZone/FURG/aic3/robot_ws/install/robot_behavior/share/ament_index/resource_index/packages
[1.385s] copying package.xml -> /home/luismilczarek/DangerZone/FURG/aic3/robot_ws/install/robot_behavior/share/robot_behavior
[1.385s] copying launch/robot_warehouse.launch.py -> /home/luismilczarek/DangerZone/FURG/aic3/robot_ws/install/robot_behavior/share/robot_behavior
[1.385s] copying launch/robot_world.launch.xml -> /home/luismilczarek/DangerZone/FURG/aic3/robot_ws/install/robot_behavior/share/robot_behavior
[1.400s] creating /home/luismilczarek/DangerZone/FURG/aic3/robot_ws/install/robot_behavior/share/robot_behavior/rviz
[1.400s] copying rviz/robot.rviz -> /home/luismilczarek/DangerZone/FURG/aic3/robot_ws/install/robot_behavior/share/robot_behavior/rviz
[1.436s] Invoked command in '/home/luismilczarek/DangerZone/FURG/aic3/robot_ws/build/robot_behavior' returned '0': PYTHONPATH=/home/luismilczarek/DangerZone/FURG/aic3/robot_ws/build/robot_behavior/prefix_override:/home/luismilczarek/DangerZone/FURG/aic3/robot_ws/install/robot_behavior/lib/python3.8/site-packages:${PYTHONPATH} /usr/bin/python3 setup.py develop --editable --build-directory /home/luismilczarek/DangerZone/FURG/aic3/robot_ws/build/robot_behavior/build --no-deps install_data
