[0.302s] DEBUG:colcon:Command line arguments: ['/usr/bin/colcon', 'build', '--symlink-install']
[0.302s] DEBUG:colcon:Parsed command line arguments: Namespace(allow_overriding=[], ament_cmake_args=None, base_paths=['.'], build_base='build', catkin_cmake_args=None, catkin_skip_building_tests=False, cmake_args=None, cmake_clean_cache=False, cmake_clean_first=False, cmake_force_configure=False, cmake_target=None, cmake_target_skip_unavailable=False, continue_on_error=False, event_handlers=None, executor='parallel', ignore_user_meta=False, install_base='install', log_base=None, log_level=None, main=<bound method BuildVerb.main of <colcon_core.verb.build.BuildVerb object at 0x7f1927525400>>, merge_install=False, metas=['./colcon.meta'], packages_above=None, packages_above_and_dependencies=None, packages_above_depth=None, packages_end=None, packages_ignore=None, packages_ignore_regex=None, packages_select=None, packages_select_build_failed=False, packages_select_by_dep=None, packages_select_regex=None, packages_select_test_failures=False, packages_skip=None, packages_skip_build_finished=False, packages_skip_by_dep=None, packages_skip_regex=None, packages_skip_test_passed=False, packages_skip_up_to=None, packages_start=None, packages_up_to=None, packages_up_to_regex=None, parallel_workers=6, paths=None, symlink_install=True, test_result_base=None, verb_extension=<colcon_core.verb.build.BuildVerb object at 0x7f1927525400>, verb_name='build', verb_parser=<colcon_defaults.argument_parser.defaults.DefaultArgumentsDecorator object at 0x7f1927525940>)
[0.332s] Level 1:colcon.colcon_core.package_discovery:discover_packages(colcon_meta) check parameters
[0.332s] Level 1:colcon.colcon_core.package_discovery:discover_packages(recursive) check parameters
[0.332s] Level 1:colcon.colcon_core.package_discovery:discover_packages(ignore) check parameters
[0.332s] Level 1:colcon.colcon_core.package_discovery:discover_packages(path) check parameters
[0.332s] Level 1:colcon.colcon_core.package_discovery:discover_packages(colcon_meta) discover
[0.332s] Level 1:colcon.colcon_core.package_discovery:discover_packages(recursive) discover
[0.332s] INFO:colcon.colcon_core.package_discovery:Crawling recursively for packages in '/home/luismilczarek/DangerZone/FURG/aic3/robot_ws'
[0.332s] Level 1:colcon.colcon_core.package_identification:_identify(.) by extensions ['ignore', 'ignore_ament_install']
[0.332s] Level 1:colcon.colcon_core.package_identification:_identify(.) by extension 'ignore'
[0.332s] Level 1:colcon.colcon_core.package_identification:_identify(.) by extension 'ignore_ament_install'
[0.332s] Level 1:colcon.colcon_core.package_identification:_identify(.) by extensions ['colcon_pkg']
[0.332s] Level 1:colcon.colcon_core.package_identification:_identify(.) by extension 'colcon_pkg'
[0.332s] Level 1:colcon.colcon_core.package_identification:_identify(.) by extensions ['colcon_meta']
[0.333s] Level 1:colcon.colcon_core.package_identification:_identify(.) by extension 'colcon_meta'
[0.333s] Level 1:colcon.colcon_core.package_identification:_identify(.) by extensions ['ros']
[0.333s] Level 1:colcon.colcon_core.package_identification:_identify(.) by extension 'ros'
[0.342s] Level 1:colcon.colcon_core.package_identification:_identify(.) by extensions ['cmake', 'python']
[0.342s] Level 1:colcon.colcon_core.package_identification:_identify(.) by extension 'cmake'
[0.342s] Level 1:colcon.colcon_core.package_identification:_identify(.) by extension 'python'
[0.342s] Level 1:colcon.colcon_core.package_identification:_identify(.) by extensions ['python_setup_py']
[0.342s] Level 1:colcon.colcon_core.package_identification:_identify(.) by extension 'python_setup_py'
[0.342s] Level 1:colcon.colcon_core.package_identification:_identify(build) by extensions ['ignore', 'ignore_ament_install']
[0.342s] Level 1:colcon.colcon_core.package_identification:_identify(build) by extension 'ignore'
[0.342s] Level 1:colcon.colcon_core.package_identification:_identify(build) ignored
[0.342s] Level 1:colcon.colcon_core.package_identification:_identify(install) by extensions ['ignore', 'ignore_ament_install']
[0.342s] Level 1:colcon.colcon_core.package_identification:_identify(install) by extension 'ignore'
[0.342s] Level 1:colcon.colcon_core.package_identification:_identify(install) ignored
[0.342s] Level 1:colcon.colcon_core.package_identification:_identify(log) by extensions ['ignore', 'ignore_ament_install']
[0.343s] Level 1:colcon.colcon_core.package_identification:_identify(log) by extension 'ignore'
[0.343s] Level 1:colcon.colcon_core.package_identification:_identify(log) ignored
[0.343s] Level 1:colcon.colcon_core.package_identification:_identify(src) by extensions ['ignore', 'ignore_ament_install']
[0.343s] Level 1:colcon.colcon_core.package_identification:_identify(src) by extension 'ignore'
[0.343s] Level 1:colcon.colcon_core.package_identification:_identify(src) by extension 'ignore_ament_install'
[0.343s] Level 1:colcon.colcon_core.package_identification:_identify(src) by extensions ['colcon_pkg']
[0.343s] Level 1:colcon.colcon_core.package_identification:_identify(src) by extension 'colcon_pkg'
[0.343s] Level 1:colcon.colcon_core.package_identification:_identify(src) by extensions ['colcon_meta']
[0.343s] Level 1:colcon.colcon_core.package_identification:_identify(src) by extension 'colcon_meta'
[0.343s] Level 1:colcon.colcon_core.package_identification:_identify(src) by extensions ['ros']
[0.343s] Level 1:colcon.colcon_core.package_identification:_identify(src) by extension 'ros'
[0.343s] Level 1:colcon.colcon_core.package_identification:_identify(src) by extensions ['cmake', 'python']
[0.343s] Level 1:colcon.colcon_core.package_identification:_identify(src) by extension 'cmake'
[0.343s] Level 1:colcon.colcon_core.package_identification:_identify(src) by extension 'python'
[0.343s] Level 1:colcon.colcon_core.package_identification:_identify(src) by extensions ['python_setup_py']
[0.343s] Level 1:colcon.colcon_core.package_identification:_identify(src) by extension 'python_setup_py'
[0.343s] Level 1:colcon.colcon_core.package_identification:_identify(src/aws-robomaker-small-warehouse-world) by extensions ['ignore', 'ignore_ament_install']
[0.343s] Level 1:colcon.colcon_core.package_identification:_identify(src/aws-robomaker-small-warehouse-world) by extension 'ignore'
[0.343s] Level 1:colcon.colcon_core.package_identification:_identify(src/aws-robomaker-small-warehouse-world) by extension 'ignore_ament_install'
[0.343s] Level 1:colcon.colcon_core.package_identification:_identify(src/aws-robomaker-small-warehouse-world) by extensions ['colcon_pkg']
[0.343s] Level 1:colcon.colcon_core.package_identification:_identify(src/aws-robomaker-small-warehouse-world) by extension 'colcon_pkg'
[0.344s] Level 1:colcon.colcon_core.package_identification:_identify(src/aws-robomaker-small-warehouse-world) by extensions ['colcon_meta']
[0.344s] Level 1:colcon.colcon_core.package_identification:_identify(src/aws-robomaker-small-warehouse-world) by extension 'colcon_meta'
[0.344s] Level 1:colcon.colcon_core.package_identification:_identify(src/aws-robomaker-small-warehouse-world) by extensions ['ros']
[0.344s] Level 1:colcon.colcon_core.package_identification:_identify(src/aws-robomaker-small-warehouse-world) by extension 'ros'
[0.346s] DEBUG:colcon.colcon_core.package_identification:Package 'src/aws-robomaker-small-warehouse-world' with type 'ros.ament_cmake' and name 'aws_robomaker_small_warehouse_world'
[0.346s] Level 1:colcon.colcon_core.package_identification:_identify(src/robot_behavior) by extensions ['ignore', 'ignore_ament_install']
[0.346s] Level 1:colcon.colcon_core.package_identification:_identify(src/robot_behavior) by extension 'ignore'
[0.346s] Level 1:colcon.colcon_core.package_identification:_identify(src/robot_behavior) by extension 'ignore_ament_install'
[0.346s] Level 1:colcon.colcon_core.package_identification:_identify(src/robot_behavior) by extensions ['colcon_pkg']
[0.346s] Level 1:colcon.colcon_core.package_identification:_identify(src/robot_behavior) by extension 'colcon_pkg'
[0.346s] Level 1:colcon.colcon_core.package_identification:_identify(src/robot_behavior) by extensions ['colcon_meta']
[0.346s] Level 1:colcon.colcon_core.package_identification:_identify(src/robot_behavior) by extension 'colcon_meta'
[0.346s] Level 1:colcon.colcon_core.package_identification:_identify(src/robot_behavior) by extensions ['ros']
[0.346s] Level 1:colcon.colcon_core.package_identification:_identify(src/robot_behavior) by extension 'ros'
[0.347s] DEBUG:colcon.colcon_core.package_identification:Package 'src/robot_behavior' with type 'ros.ament_python' and name 'robot_behavior'
[0.347s] Level 1:colcon.colcon_core.package_identification:_identify(src/robot_description) by extensions ['ignore', 'ignore_ament_install']
[0.347s] Level 1:colcon.colcon_core.package_identification:_identify(src/robot_description) by extension 'ignore'
[0.347s] Level 1:colcon.colcon_core.package_identification:_identify(src/robot_description) by extension 'ignore_ament_install'
[0.347s] Level 1:colcon.colcon_core.package_identification:_identify(src/robot_description) by extensions ['colcon_pkg']
[0.347s] Level 1:colcon.colcon_core.package_identification:_identify(src/robot_description) by extension 'colcon_pkg'
[0.347s] Level 1:colcon.colcon_core.package_identification:_identify(src/robot_description) by extensions ['colcon_meta']
[0.347s] Level 1:colcon.colcon_core.package_identification:_identify(src/robot_description) by extension 'colcon_meta'
[0.347s] Level 1:colcon.colcon_core.package_identification:_identify(src/robot_description) by extensions ['ros']
[0.347s] Level 1:colcon.colcon_core.package_identification:_identify(src/robot_description) by extension 'ros'
[0.347s] DEBUG:colcon.colcon_core.package_identification:Package 'src/robot_description' with type 'ros.ament_python' and name 'robot_description'
[0.347s] Level 1:colcon.colcon_core.package_discovery:discover_packages(recursive) using defaults
[0.347s] Level 1:colcon.colcon_core.package_discovery:discover_packages(ignore) discover
[0.348s] Level 1:colcon.colcon_core.package_discovery:discover_packages(ignore) using defaults
[0.348s] Level 1:colcon.colcon_core.package_discovery:discover_packages(path) discover
[0.348s] Level 1:colcon.colcon_core.package_discovery:discover_packages(path) using defaults
[0.365s] Level 1:colcon.colcon_core.package_discovery:discover_packages(prefix_path) check parameters
[0.365s] Level 1:colcon.colcon_core.package_discovery:discover_packages(prefix_path) discover
[0.366s] WARNING:colcon.colcon_ros.prefix_path.ament:The path '/home/luismilczarek/DangerZone/FURG/aic3/robot_ws/install/robot_description' in the environment variable AMENT_PREFIX_PATH doesn't exist
[0.366s] WARNING:colcon.colcon_ros.prefix_path.ament:The path '/home/luismilczarek/DangerZone/FURG/aic3/robot_ws/install/robot_behavior' in the environment variable AMENT_PREFIX_PATH doesn't exist
[0.366s] WARNING:colcon.colcon_ros.prefix_path.ament:The path '/home/luismilczarek/DangerZone/FURG/aic3/robot_ws/install/aws_robomaker_small_warehouse_world' in the environment variable AMENT_PREFIX_PATH doesn't exist
[0.366s] WARNING:colcon.colcon_ros.prefix_path.catkin:The path '/home/luismilczarek/DangerZone/FURG/aic3/robot_ws/install/aws_robomaker_small_warehouse_world' in the environment variable CMAKE_PREFIX_PATH doesn't exist
[0.367s] DEBUG:colcon.colcon_installed_package_information.package_discovery:Found 0 installed packages in /home/luismilczarek/DangerZone/FURG/aic3/robot_ws/install
[0.369s] DEBUG:colcon.colcon_installed_package_information.package_discovery:Found 318 installed packages in /opt/ros/galactic
[0.371s] DEBUG:colcon.colcon_installed_package_information.package_discovery:Found 2 installed packages in /opt/ros/noetic
[0.371s] Level 1:colcon.colcon_core.package_discovery:discover_packages(prefix_path) using defaults
[0.442s] Level 5:colcon.colcon_core.verb:set package 'aws_robomaker_small_warehouse_world' build argument 'cmake_args' from command line to 'None'
[0.442s] Level 5:colcon.colcon_core.verb:set package 'aws_robomaker_small_warehouse_world' build argument 'cmake_target' from command line to 'None'
[0.442s] Level 5:colcon.colcon_core.verb:set package 'aws_robomaker_small_warehouse_world' build argument 'cmake_target_skip_unavailable' from command line to 'False'
[0.442s] Level 5:colcon.colcon_core.verb:set package 'aws_robomaker_small_warehouse_world' build argument 'cmake_clean_cache' from command line to 'False'
[0.442s] Level 5:colcon.colcon_core.verb:set package 'aws_robomaker_small_warehouse_world' build argument 'cmake_clean_first' from command line to 'False'
[0.442s] Level 5:colcon.colcon_core.verb:set package 'aws_robomaker_small_warehouse_world' build argument 'cmake_force_configure' from command line to 'False'
[0.442s] Level 5:colcon.colcon_core.verb:set package 'aws_robomaker_small_warehouse_world' build argument 'ament_cmake_args' from command line to 'None'
[0.442s] Level 5:colcon.colcon_core.verb:set package 'aws_robomaker_small_warehouse_world' build argument 'catkin_cmake_args' from command line to 'None'
[0.442s] Level 5:colcon.colcon_core.verb:set package 'aws_robomaker_small_warehouse_world' build argument 'catkin_skip_building_tests' from command line to 'False'
[0.442s] DEBUG:colcon.colcon_core.verb:Building package 'aws_robomaker_small_warehouse_world' with the following arguments: {'ament_cmake_args': None, 'build_base': '/home/luismilczarek/DangerZone/FURG/aic3/robot_ws/build/aws_robomaker_small_warehouse_world', 'catkin_cmake_args': None, 'catkin_skip_building_tests': False, 'cmake_args': None, 'cmake_clean_cache': False, 'cmake_clean_first': False, 'cmake_force_configure': False, 'cmake_target': None, 'cmake_target_skip_unavailable': False, 'install_base': '/home/luismilczarek/DangerZone/FURG/aic3/robot_ws/install/aws_robomaker_small_warehouse_world', 'merge_install': False, 'path': '/home/luismilczarek/DangerZone/FURG/aic3/robot_ws/src/aws-robomaker-small-warehouse-world', 'symlink_install': True, 'test_result_base': None}
[0.443s] Level 5:colcon.colcon_core.verb:set package 'robot_behavior' build argument 'cmake_args' from command line to 'None'
[0.443s] Level 5:colcon.colcon_core.verb:set package 'robot_behavior' build argument 'cmake_target' from command line to 'None'
[0.443s] Level 5:colcon.colcon_core.verb:set package 'robot_behavior' build argument 'cmake_target_skip_unavailable' from command line to 'False'
[0.443s] Level 5:colcon.colcon_core.verb:set package 'robot_behavior' build argument 'cmake_clean_cache' from command line to 'False'
[0.443s] Level 5:colcon.colcon_core.verb:set package 'robot_behavior' build argument 'cmake_clean_first' from command line to 'False'
[0.443s] Level 5:colcon.colcon_core.verb:set package 'robot_behavior' build argument 'cmake_force_configure' from command line to 'False'
[0.443s] Level 5:colcon.colcon_core.verb:set package 'robot_behavior' build argument 'ament_cmake_args' from command line to 'None'
[0.443s] Level 5:colcon.colcon_core.verb:set package 'robot_behavior' build argument 'catkin_cmake_args' from command line to 'None'
[0.443s] Level 5:colcon.colcon_core.verb:set package 'robot_behavior' build argument 'catkin_skip_building_tests' from command line to 'False'
[0.443s] DEBUG:colcon.colcon_core.verb:Building package 'robot_behavior' with the following arguments: {'ament_cmake_args': None, 'build_base': '/home/luismilczarek/DangerZone/FURG/aic3/robot_ws/build/robot_behavior', 'catkin_cmake_args': None, 'catkin_skip_building_tests': False, 'cmake_args': None, 'cmake_clean_cache': False, 'cmake_clean_first': False, 'cmake_force_configure': False, 'cmake_target': None, 'cmake_target_skip_unavailable': False, 'install_base': '/home/luismilczarek/DangerZone/FURG/aic3/robot_ws/install/robot_behavior', 'merge_install': False, 'path': '/home/luismilczarek/DangerZone/FURG/aic3/robot_ws/src/robot_behavior', 'symlink_install': True, 'test_result_base': None}
[0.444s] Level 5:colcon.colcon_core.verb:set package 'robot_description' build argument 'cmake_args' from command line to 'None'
[0.444s] Level 5:colcon.colcon_core.verb:set package 'robot_description' build argument 'cmake_target' from command line to 'None'
[0.444s] Level 5:colcon.colcon_core.verb:set package 'robot_description' build argument 'cmake_target_skip_unavailable' from command line to 'False'
[0.444s] Level 5:colcon.colcon_core.verb:set package 'robot_description' build argument 'cmake_clean_cache' from command line to 'False'
[0.444s] Level 5:colcon.colcon_core.verb:set package 'robot_description' build argument 'cmake_clean_first' from command line to 'False'
[0.444s] Level 5:colcon.colcon_core.verb:set package 'robot_description' build argument 'cmake_force_configure' from command line to 'False'
[0.444s] Level 5:colcon.colcon_core.verb:set package 'robot_description' build argument 'ament_cmake_args' from command line to 'None'
[0.444s] Level 5:colcon.colcon_core.verb:set package 'robot_description' build argument 'catkin_cmake_args' from command line to 'None'
[0.444s] Level 5:colcon.colcon_core.verb:set package 'robot_description' build argument 'catkin_skip_building_tests' from command line to 'False'
[0.444s] DEBUG:colcon.colcon_core.verb:Building package 'robot_description' with the following arguments: {'ament_cmake_args': None, 'build_base': '/home/luismilczarek/DangerZone/FURG/aic3/robot_ws/build/robot_description', 'catkin_cmake_args': None, 'catkin_skip_building_tests': False, 'cmake_args': None, 'cmake_clean_cache': False, 'cmake_clean_first': False, 'cmake_force_configure': False, 'cmake_target': None, 'cmake_target_skip_unavailable': False, 'install_base': '/home/luismilczarek/DangerZone/FURG/aic3/robot_ws/install/robot_description', 'merge_install': False, 'path': '/home/luismilczarek/DangerZone/FURG/aic3/robot_ws/src/robot_description', 'symlink_install': True, 'test_result_base': None}
[0.445s] INFO:colcon.colcon_core.executor:Executing jobs using 'parallel' executor
[0.448s] DEBUG:colcon.colcon_parallel_executor.executor.parallel:run_until_complete
[0.448s] INFO:colcon.colcon_ros.task.ament_cmake.build:Building ROS package in '/home/luismilczarek/DangerZone/FURG/aic3/robot_ws/src/aws-robomaker-small-warehouse-world' with build type 'ament_cmake'
[0.448s] INFO:colcon.colcon_cmake.task.cmake.build:Building CMake package in '/home/luismilczarek/DangerZone/FURG/aic3/robot_ws/src/aws-robomaker-small-warehouse-world'
[0.452s] INFO:colcon.colcon_core.plugin_system:Skipping extension 'colcon_core.shell.bat': Not used on non-Windows systems
[0.452s] INFO:colcon.colcon_core.shell:Skip shell extension 'powershell' for command environment: Not usable outside of PowerShell
[0.452s] DEBUG:colcon.colcon_core.shell:Skip shell extension 'dsv' for command environment
[0.458s] INFO:colcon.colcon_ros.task.ament_python.build:Building ROS package in '/home/luismilczarek/DangerZone/FURG/aic3/robot_ws/src/robot_behavior' with build type 'ament_python'
[0.458s] Level 1:colcon.colcon_core.shell:create_environment_hook('robot_behavior', 'ament_prefix_path')
[0.460s] INFO:colcon.colcon_core.shell:Creating environment hook '/home/luismilczarek/DangerZone/FURG/aic3/robot_ws/install/robot_behavior/share/robot_behavior/hook/ament_prefix_path.ps1'
[0.461s] INFO:colcon.colcon_core.shell:Creating environment descriptor '/home/luismilczarek/DangerZone/FURG/aic3/robot_ws/install/robot_behavior/share/robot_behavior/hook/ament_prefix_path.dsv'
[0.461s] INFO:colcon.colcon_core.shell:Creating environment hook '/home/luismilczarek/DangerZone/FURG/aic3/robot_ws/install/robot_behavior/share/robot_behavior/hook/ament_prefix_path.sh'
[0.463s] INFO:colcon.colcon_core.shell:Skip shell extension 'powershell' for command environment: Not usable outside of PowerShell
[0.463s] DEBUG:colcon.colcon_core.shell:Skip shell extension 'dsv' for command environment
[0.470s] INFO:colcon.colcon_ros.task.ament_python.build:Building ROS package in '/home/luismilczarek/DangerZone/FURG/aic3/robot_ws/src/robot_description' with build type 'ament_python'
[0.471s] Level 1:colcon.colcon_core.shell:create_environment_hook('robot_description', 'ament_prefix_path')
[0.472s] INFO:colcon.colcon_core.shell:Creating environment hook '/home/luismilczarek/DangerZone/FURG/aic3/robot_ws/install/robot_description/share/robot_description/hook/ament_prefix_path.ps1'
[0.473s] INFO:colcon.colcon_core.shell:Creating environment descriptor '/home/luismilczarek/DangerZone/FURG/aic3/robot_ws/install/robot_description/share/robot_description/hook/ament_prefix_path.dsv'
[0.474s] INFO:colcon.colcon_core.shell:Creating environment hook '/home/luismilczarek/DangerZone/FURG/aic3/robot_ws/install/robot_description/share/robot_description/hook/ament_prefix_path.sh'
[0.475s] INFO:colcon.colcon_core.shell:Skip shell extension 'powershell' for command environment: Not usable outside of PowerShell
[0.476s] DEBUG:colcon.colcon_core.shell:Skip shell extension 'dsv' for command environment
[0.486s] DEBUG:colcon.colcon_core.event_handler.log_command:Invoking command in '/home/luismilczarek/DangerZone/FURG/aic3/robot_ws/build/aws_robomaker_small_warehouse_world': CMAKE_PREFIX_PATH=/home/luismilczarek/DangerZone/FURG/aic3/robot_ws/install/aws_robomaker_small_warehouse_world:/home/luismilczarek/DangerZone/FURG/aic3/robot_ws/install/robot_description:/home/luismilczarek/DangerZone/FURG/aic3/robot_ws/install/robot_behavior:/opt/ros/galactic:/opt/ros/noetic /usr/bin/cmake /home/luismilczarek/DangerZone/FURG/aic3/robot_ws/src/aws-robomaker-small-warehouse-world -DAMENT_CMAKE_SYMLINK_INSTALL=1 -DCMAKE_INSTALL_PREFIX=/home/luismilczarek/DangerZone/FURG/aic3/robot_ws/install/aws_robomaker_small_warehouse_world
[0.720s] INFO:colcon.colcon_core.task.python.build:Building Python package in '/home/luismilczarek/DangerZone/FURG/aic3/robot_ws/src/robot_behavior'
[0.722s] INFO:colcon.colcon_core.shell:Skip shell extension 'powershell' for command environment: Not usable outside of PowerShell
[0.722s] DEBUG:colcon.colcon_core.shell:Skip shell extension 'dsv' for command environment
[0.958s] INFO:colcon.colcon_core.task.python.build:Building Python package in '/home/luismilczarek/DangerZone/FURG/aic3/robot_ws/src/robot_description'
[0.960s] INFO:colcon.colcon_core.shell:Skip shell extension 'powershell' for command environment: Not usable outside of PowerShell
[0.960s] DEBUG:colcon.colcon_core.shell:Skip shell extension 'dsv' for command environment
[1.367s] DEBUG:colcon.colcon_core.event_handler.log_command:Invoking command in '/home/luismilczarek/DangerZone/FURG/aic3/robot_ws/build/robot_behavior': PYTHONPATH=/home/luismilczarek/DangerZone/FURG/aic3/robot_ws/build/robot_behavior/prefix_override:/home/luismilczarek/DangerZone/FURG/aic3/robot_ws/install/robot_behavior/lib/python3.8/site-packages:${PYTHONPATH} /usr/bin/python3 setup.py develop --editable --build-directory /home/luismilczarek/DangerZone/FURG/aic3/robot_ws/build/robot_behavior/build --no-deps install_data
[1.382s] DEBUG:colcon.colcon_core.event_handler.log_command:Invoking command in '/home/luismilczarek/DangerZone/FURG/aic3/robot_ws/build/robot_description': PYTHONPATH=/home/luismilczarek/DangerZone/FURG/aic3/robot_ws/build/robot_description/prefix_override:/home/luismilczarek/DangerZone/FURG/aic3/robot_ws/install/robot_description/lib/python3.8/site-packages:${PYTHONPATH} /usr/bin/python3 setup.py develop --editable --build-directory /home/luismilczarek/DangerZone/FURG/aic3/robot_ws/build/robot_description/build --no-deps install_data
[1.894s] Level 1:colcon.colcon_core.shell:create_environment_hook('robot_behavior', 'pythonpath_develop')
[1.896s] INFO:colcon.colcon_core.shell:Creating environment hook '/home/luismilczarek/DangerZone/FURG/aic3/robot_ws/build/robot_behavior/share/robot_behavior/hook/pythonpath_develop.ps1'
[1.896s] DEBUG:colcon.colcon_core.event_handler.log_command:Invoked command in '/home/luismilczarek/DangerZone/FURG/aic3/robot_ws/build/robot_behavior' returned '0': PYTHONPATH=/home/luismilczarek/DangerZone/FURG/aic3/robot_ws/build/robot_behavior/prefix_override:/home/luismilczarek/DangerZone/FURG/aic3/robot_ws/install/robot_behavior/lib/python3.8/site-packages:${PYTHONPATH} /usr/bin/python3 setup.py develop --editable --build-directory /home/luismilczarek/DangerZone/FURG/aic3/robot_ws/build/robot_behavior/build --no-deps install_data
[1.897s] INFO:colcon.colcon_core.shell:Creating environment descriptor '/home/luismilczarek/DangerZone/FURG/aic3/robot_ws/build/robot_behavior/share/robot_behavior/hook/pythonpath_develop.dsv'
[1.897s] INFO:colcon.colcon_core.shell:Creating environment hook '/home/luismilczarek/DangerZone/FURG/aic3/robot_ws/build/robot_behavior/share/robot_behavior/hook/pythonpath_develop.sh'
[1.902s] Level 1:colcon.colcon_core.environment:checking '/home/luismilczarek/DangerZone/FURG/aic3/robot_ws/install/robot_behavior' for CMake module files
[1.902s] Level 1:colcon.colcon_core.environment:checking '/home/luismilczarek/DangerZone/FURG/aic3/robot_ws/install/robot_behavior' for CMake config files
[1.903s] Level 1:colcon.colcon_core.environment:checking '/home/luismilczarek/DangerZone/FURG/aic3/robot_ws/install/robot_behavior/lib'
[1.903s] Level 1:colcon.colcon_core.environment:checking '/home/luismilczarek/DangerZone/FURG/aic3/robot_ws/install/robot_behavior/bin'
[1.903s] Level 1:colcon.colcon_core.environment:checking '/home/luismilczarek/DangerZone/FURG/aic3/robot_ws/install/robot_behavior/lib/pkgconfig/robot_behavior.pc'
[1.903s] Level 1:colcon.colcon_core.environment:checking '/home/luismilczarek/DangerZone/FURG/aic3/robot_ws/install/robot_behavior/lib/python3.8/site-packages'
[1.903s] Level 1:colcon.colcon_core.shell:create_environment_hook('robot_behavior', 'pythonpath')
[1.904s] INFO:colcon.colcon_core.shell:Creating environment hook '/home/luismilczarek/DangerZone/FURG/aic3/robot_ws/install/robot_behavior/share/robot_behavior/hook/pythonpath.ps1'
[1.905s] INFO:colcon.colcon_core.shell:Creating environment descriptor '/home/luismilczarek/DangerZone/FURG/aic3/robot_ws/install/robot_behavior/share/robot_behavior/hook/pythonpath.dsv'
[1.905s] INFO:colcon.colcon_core.shell:Creating environment hook '/home/luismilczarek/DangerZone/FURG/aic3/robot_ws/install/robot_behavior/share/robot_behavior/hook/pythonpath.sh'
[1.905s] Level 1:colcon.colcon_core.environment:checking '/home/luismilczarek/DangerZone/FURG/aic3/robot_ws/install/robot_behavior/bin'
[1.905s] Level 1:colcon.colcon_core.environment:create_environment_scripts_only(robot_behavior)
[1.907s] INFO:colcon.colcon_core.shell:Creating package script '/home/luismilczarek/DangerZone/FURG/aic3/robot_ws/install/robot_behavior/share/robot_behavior/package.ps1'
[1.908s] INFO:colcon.colcon_core.shell:Creating package descriptor '/home/luismilczarek/DangerZone/FURG/aic3/robot_ws/install/robot_behavior/share/robot_behavior/package.dsv'
[1.908s] INFO:colcon.colcon_core.shell:Creating package script '/home/luismilczarek/DangerZone/FURG/aic3/robot_ws/install/robot_behavior/share/robot_behavior/package.sh'
[1.909s] INFO:colcon.colcon_core.shell:Creating package script '/home/luismilczarek/DangerZone/FURG/aic3/robot_ws/install/robot_behavior/share/robot_behavior/package.bash'
[1.909s] INFO:colcon.colcon_core.shell:Creating package script '/home/luismilczarek/DangerZone/FURG/aic3/robot_ws/install/robot_behavior/share/robot_behavior/package.zsh'
[1.910s] Level 1:colcon.colcon_core.environment:create_file_with_runtime_dependencies(/home/luismilczarek/DangerZone/FURG/aic3/robot_ws/install/robot_behavior/share/colcon-core/packages/robot_behavior)
[1.942s] Level 1:colcon.colcon_core.shell:create_environment_hook('robot_description', 'pythonpath_develop')
[1.943s] INFO:colcon.colcon_core.shell:Creating environment hook '/home/luismilczarek/DangerZone/FURG/aic3/robot_ws/build/robot_description/share/robot_description/hook/pythonpath_develop.ps1'
[1.944s] DEBUG:colcon.colcon_core.event_handler.log_command:Invoked command in '/home/luismilczarek/DangerZone/FURG/aic3/robot_ws/build/robot_description' returned '0': PYTHONPATH=/home/luismilczarek/DangerZone/FURG/aic3/robot_ws/build/robot_description/prefix_override:/home/luismilczarek/DangerZone/FURG/aic3/robot_ws/install/robot_description/lib/python3.8/site-packages:${PYTHONPATH} /usr/bin/python3 setup.py develop --editable --build-directory /home/luismilczarek/DangerZone/FURG/aic3/robot_ws/build/robot_description/build --no-deps install_data
[1.944s] INFO:colcon.colcon_core.shell:Creating environment descriptor '/home/luismilczarek/DangerZone/FURG/aic3/robot_ws/build/robot_description/share/robot_description/hook/pythonpath_develop.dsv'
[1.944s] INFO:colcon.colcon_core.shell:Creating environment hook '/home/luismilczarek/DangerZone/FURG/aic3/robot_ws/build/robot_description/share/robot_description/hook/pythonpath_develop.sh'
[1.946s] Level 1:colcon.colcon_core.environment:checking '/home/luismilczarek/DangerZone/FURG/aic3/robot_ws/install/robot_description' for CMake module files
[1.947s] Level 1:colcon.colcon_core.environment:checking '/home/luismilczarek/DangerZone/FURG/aic3/robot_ws/install/robot_description' for CMake config files
[1.947s] Level 1:colcon.colcon_core.environment:checking '/home/luismilczarek/DangerZone/FURG/aic3/robot_ws/install/robot_description/lib'
[1.947s] Level 1:colcon.colcon_core.environment:checking '/home/luismilczarek/DangerZone/FURG/aic3/robot_ws/install/robot_description/bin'
[1.947s] Level 1:colcon.colcon_core.environment:checking '/home/luismilczarek/DangerZone/FURG/aic3/robot_ws/install/robot_description/lib/pkgconfig/robot_description.pc'
[1.947s] Level 1:colcon.colcon_core.environment:checking '/home/luismilczarek/DangerZone/FURG/aic3/robot_ws/install/robot_description/lib/python3.8/site-packages'
[1.947s] Level 1:colcon.colcon_core.shell:create_environment_hook('robot_description', 'pythonpath')
[1.949s] INFO:colcon.colcon_core.shell:Creating environment hook '/home/luismilczarek/DangerZone/FURG/aic3/robot_ws/install/robot_description/share/robot_description/hook/pythonpath.ps1'
[1.949s] INFO:colcon.colcon_core.shell:Creating environment descriptor '/home/luismilczarek/DangerZone/FURG/aic3/robot_ws/install/robot_description/share/robot_description/hook/pythonpath.dsv'
[1.949s] INFO:colcon.colcon_core.shell:Creating environment hook '/home/luismilczarek/DangerZone/FURG/aic3/robot_ws/install/robot_description/share/robot_description/hook/pythonpath.sh'
[1.949s] Level 1:colcon.colcon_core.environment:checking '/home/luismilczarek/DangerZone/FURG/aic3/robot_ws/install/robot_description/bin'
[1.950s] Level 1:colcon.colcon_core.environment:create_environment_scripts_only(robot_description)
[1.951s] INFO:colcon.colcon_core.shell:Creating package script '/home/luismilczarek/DangerZone/FURG/aic3/robot_ws/install/robot_description/share/robot_description/package.ps1'
[1.951s] INFO:colcon.colcon_core.shell:Creating package descriptor '/home/luismilczarek/DangerZone/FURG/aic3/robot_ws/install/robot_description/share/robot_description/package.dsv'
[1.952s] INFO:colcon.colcon_core.shell:Creating package script '/home/luismilczarek/DangerZone/FURG/aic3/robot_ws/install/robot_description/share/robot_description/package.sh'
[1.952s] INFO:colcon.colcon_core.shell:Creating package script '/home/luismilczarek/DangerZone/FURG/aic3/robot_ws/install/robot_description/share/robot_description/package.bash'
[1.952s] INFO:colcon.colcon_core.shell:Creating package script '/home/luismilczarek/DangerZone/FURG/aic3/robot_ws/install/robot_description/share/robot_description/package.zsh'
[1.953s] Level 1:colcon.colcon_core.environment:create_file_with_runtime_dependencies(/home/luismilczarek/DangerZone/FURG/aic3/robot_ws/install/robot_description/share/colcon-core/packages/robot_description)
[3.211s] DEBUG:colcon.colcon_core.event_handler.log_command:Invoked command in '/home/luismilczarek/DangerZone/FURG/aic3/robot_ws/build/aws_robomaker_small_warehouse_world' returned '0': CMAKE_PREFIX_PATH=/home/luismilczarek/DangerZone/FURG/aic3/robot_ws/install/aws_robomaker_small_warehouse_world:/home/luismilczarek/DangerZone/FURG/aic3/robot_ws/install/robot_description:/home/luismilczarek/DangerZone/FURG/aic3/robot_ws/install/robot_behavior:/opt/ros/galactic:/opt/ros/noetic /usr/bin/cmake /home/luismilczarek/DangerZone/FURG/aic3/robot_ws/src/aws-robomaker-small-warehouse-world -DAMENT_CMAKE_SYMLINK_INSTALL=1 -DCMAKE_INSTALL_PREFIX=/home/luismilczarek/DangerZone/FURG/aic3/robot_ws/install/aws_robomaker_small_warehouse_world
[3.214s] DEBUG:colcon.colcon_core.event_handler.log_command:Invoking command in '/home/luismilczarek/DangerZone/FURG/aic3/robot_ws/build/aws_robomaker_small_warehouse_world': CMAKE_PREFIX_PATH=/home/luismilczarek/DangerZone/FURG/aic3/robot_ws/install/aws_robomaker_small_warehouse_world:/home/luismilczarek/DangerZone/FURG/aic3/robot_ws/install/robot_description:/home/luismilczarek/DangerZone/FURG/aic3/robot_ws/install/robot_behavior:/opt/ros/galactic:/opt/ros/noetic /usr/bin/cmake --build /home/luismilczarek/DangerZone/FURG/aic3/robot_ws/build/aws_robomaker_small_warehouse_world -- -j6 -l6
[3.255s] DEBUG:colcon.colcon_core.event_handler.log_command:Invoked command in '/home/luismilczarek/DangerZone/FURG/aic3/robot_ws/build/aws_robomaker_small_warehouse_world' returned '0': CMAKE_PREFIX_PATH=/home/luismilczarek/DangerZone/FURG/aic3/robot_ws/install/aws_robomaker_small_warehouse_world:/home/luismilczarek/DangerZone/FURG/aic3/robot_ws/install/robot_description:/home/luismilczarek/DangerZone/FURG/aic3/robot_ws/install/robot_behavior:/opt/ros/galactic:/opt/ros/noetic /usr/bin/cmake --build /home/luismilczarek/DangerZone/FURG/aic3/robot_ws/build/aws_robomaker_small_warehouse_world -- -j6 -l6
[3.290s] DEBUG:colcon.colcon_core.event_handler.log_command:Invoking command in '/home/luismilczarek/DangerZone/FURG/aic3/robot_ws/build/aws_robomaker_small_warehouse_world': CMAKE_PREFIX_PATH=/home/luismilczarek/DangerZone/FURG/aic3/robot_ws/install/aws_robomaker_small_warehouse_world:/home/luismilczarek/DangerZone/FURG/aic3/robot_ws/install/robot_description:/home/luismilczarek/DangerZone/FURG/aic3/robot_ws/install/robot_behavior:/opt/ros/galactic:/opt/ros/noetic /usr/bin/cmake --install /home/luismilczarek/DangerZone/FURG/aic3/robot_ws/build/aws_robomaker_small_warehouse_world
[4.440s] Level 1:colcon.colcon_core.environment:create_environment_scripts_only(aws_robomaker_small_warehouse_world)
[4.442s] Level 1:colcon.colcon_core.environment:checking '/home/luismilczarek/DangerZone/FURG/aic3/robot_ws/install/aws_robomaker_small_warehouse_world' for CMake module files
[4.443s] DEBUG:colcon.colcon_core.event_handler.log_command:Invoked command in '/home/luismilczarek/DangerZone/FURG/aic3/robot_ws/build/aws_robomaker_small_warehouse_world' returned '0': CMAKE_PREFIX_PATH=/home/luismilczarek/DangerZone/FURG/aic3/robot_ws/install/aws_robomaker_small_warehouse_world:/home/luismilczarek/DangerZone/FURG/aic3/robot_ws/install/robot_description:/home/luismilczarek/DangerZone/FURG/aic3/robot_ws/install/robot_behavior:/opt/ros/galactic:/opt/ros/noetic /usr/bin/cmake --install /home/luismilczarek/DangerZone/FURG/aic3/robot_ws/build/aws_robomaker_small_warehouse_world
[4.443s] Level 1:colcon.colcon_core.environment:checking '/home/luismilczarek/DangerZone/FURG/aic3/robot_ws/install/aws_robomaker_small_warehouse_world' for CMake config files
[4.445s] Level 1:colcon.colcon_core.shell:create_environment_hook('aws_robomaker_small_warehouse_world', 'cmake_prefix_path')
[4.446s] INFO:colcon.colcon_core.shell:Creating environment hook '/home/luismilczarek/DangerZone/FURG/aic3/robot_ws/install/aws_robomaker_small_warehouse_world/share/aws_robomaker_small_warehouse_world/hook/cmake_prefix_path.ps1'
[4.447s] INFO:colcon.colcon_core.shell:Creating environment descriptor '/home/luismilczarek/DangerZone/FURG/aic3/robot_ws/install/aws_robomaker_small_warehouse_world/share/aws_robomaker_small_warehouse_world/hook/cmake_prefix_path.dsv'
[4.447s] INFO:colcon.colcon_core.shell:Creating environment hook '/home/luismilczarek/DangerZone/FURG/aic3/robot_ws/install/aws_robomaker_small_warehouse_world/share/aws_robomaker_small_warehouse_world/hook/cmake_prefix_path.sh'
[4.447s] Level 1:colcon.colcon_core.environment:checking '/home/luismilczarek/DangerZone/FURG/aic3/robot_ws/install/aws_robomaker_small_warehouse_world/bin'
[4.447s] Level 1:colcon.colcon_core.environment:checking '/home/luismilczarek/DangerZone/FURG/aic3/robot_ws/install/aws_robomaker_small_warehouse_world/lib/pkgconfig/aws_robomaker_small_warehouse_world.pc'
[4.448s] Level 1:colcon.colcon_core.environment:checking '/home/luismilczarek/DangerZone/FURG/aic3/robot_ws/install/aws_robomaker_small_warehouse_world/lib/python3.8/site-packages'
[4.448s] Level 1:colcon.colcon_core.environment:checking '/home/luismilczarek/DangerZone/FURG/aic3/robot_ws/install/aws_robomaker_small_warehouse_world/bin'
[4.449s] INFO:colcon.colcon_core.shell:Creating package script '/home/luismilczarek/DangerZone/FURG/aic3/robot_ws/install/aws_robomaker_small_warehouse_world/share/aws_robomaker_small_warehouse_world/package.ps1'
[4.449s] INFO:colcon.colcon_core.shell:Creating package descriptor '/home/luismilczarek/DangerZone/FURG/aic3/robot_ws/install/aws_robomaker_small_warehouse_world/share/aws_robomaker_small_warehouse_world/package.dsv'
[4.450s] INFO:colcon.colcon_core.shell:Creating package script '/home/luismilczarek/DangerZone/FURG/aic3/robot_ws/install/aws_robomaker_small_warehouse_world/share/aws_robomaker_small_warehouse_world/package.sh'
[4.450s] INFO:colcon.colcon_core.shell:Creating package script '/home/luismilczarek/DangerZone/FURG/aic3/robot_ws/install/aws_robomaker_small_warehouse_world/share/aws_robomaker_small_warehouse_world/package.bash'
[4.450s] INFO:colcon.colcon_core.shell:Creating package script '/home/luismilczarek/DangerZone/FURG/aic3/robot_ws/install/aws_robomaker_small_warehouse_world/share/aws_robomaker_small_warehouse_world/package.zsh'
[4.450s] Level 1:colcon.colcon_core.environment:create_file_with_runtime_dependencies(/home/luismilczarek/DangerZone/FURG/aic3/robot_ws/install/aws_robomaker_small_warehouse_world/share/colcon-core/packages/aws_robomaker_small_warehouse_world)
[4.475s] Level 1:colcon.colcon_core.environment:create_environment_scripts_only(aws_robomaker_small_warehouse_world)
[4.477s] Level 1:colcon.colcon_core.environment:checking '/home/luismilczarek/DangerZone/FURG/aic3/robot_ws/install/aws_robomaker_small_warehouse_world' for CMake module files
[4.478s] Level 1:colcon.colcon_core.environment:checking '/home/luismilczarek/DangerZone/FURG/aic3/robot_ws/install/aws_robomaker_small_warehouse_world' for CMake config files
[4.480s] Level 1:colcon.colcon_core.shell:create_environment_hook('aws_robomaker_small_warehouse_world', 'cmake_prefix_path')
[4.481s] INFO:colcon.colcon_core.shell:Creating environment hook '/home/luismilczarek/DangerZone/FURG/aic3/robot_ws/install/aws_robomaker_small_warehouse_world/share/aws_robomaker_small_warehouse_world/hook/cmake_prefix_path.ps1'
[4.482s] INFO:colcon.colcon_core.shell:Creating environment descriptor '/home/luismilczarek/DangerZone/FURG/aic3/robot_ws/install/aws_robomaker_small_warehouse_world/share/aws_robomaker_small_warehouse_world/hook/cmake_prefix_path.dsv'
[4.482s] INFO:colcon.colcon_core.shell:Creating environment hook '/home/luismilczarek/DangerZone/FURG/aic3/robot_ws/install/aws_robomaker_small_warehouse_world/share/aws_robomaker_small_warehouse_world/hook/cmake_prefix_path.sh'
[4.483s] Level 1:colcon.colcon_core.environment:checking '/home/luismilczarek/DangerZone/FURG/aic3/robot_ws/install/aws_robomaker_small_warehouse_world/bin'
[4.483s] Level 1:colcon.colcon_core.environment:checking '/home/luismilczarek/DangerZone/FURG/aic3/robot_ws/install/aws_robomaker_small_warehouse_world/lib/pkgconfig/aws_robomaker_small_warehouse_world.pc'
[4.483s] Level 1:colcon.colcon_core.environment:checking '/home/luismilczarek/DangerZone/FURG/aic3/robot_ws/install/aws_robomaker_small_warehouse_world/lib/python3.8/site-packages'
[4.483s] Level 1:colcon.colcon_core.environment:checking '/home/luismilczarek/DangerZone/FURG/aic3/robot_ws/install/aws_robomaker_small_warehouse_world/bin'
[4.485s] INFO:colcon.colcon_core.shell:Creating package script '/home/luismilczarek/DangerZone/FURG/aic3/robot_ws/install/aws_robomaker_small_warehouse_world/share/aws_robomaker_small_warehouse_world/package.ps1'
[4.485s] INFO:colcon.colcon_core.shell:Creating package descriptor '/home/luismilczarek/DangerZone/FURG/aic3/robot_ws/install/aws_robomaker_small_warehouse_world/share/aws_robomaker_small_warehouse_world/package.dsv'
[4.486s] INFO:colcon.colcon_core.shell:Creating package script '/home/luismilczarek/DangerZone/FURG/aic3/robot_ws/install/aws_robomaker_small_warehouse_world/share/aws_robomaker_small_warehouse_world/package.sh'
[4.486s] INFO:colcon.colcon_core.shell:Creating package script '/home/luismilczarek/DangerZone/FURG/aic3/robot_ws/install/aws_robomaker_small_warehouse_world/share/aws_robomaker_small_warehouse_world/package.bash'
[4.487s] INFO:colcon.colcon_core.shell:Creating package script '/home/luismilczarek/DangerZone/FURG/aic3/robot_ws/install/aws_robomaker_small_warehouse_world/share/aws_robomaker_small_warehouse_world/package.zsh'
[4.487s] Level 1:colcon.colcon_core.environment:create_file_with_runtime_dependencies(/home/luismilczarek/DangerZone/FURG/aic3/robot_ws/install/aws_robomaker_small_warehouse_world/share/colcon-core/packages/aws_robomaker_small_warehouse_world)
[4.487s] DEBUG:colcon.colcon_parallel_executor.executor.parallel:closing loop
[4.488s] DEBUG:colcon.colcon_parallel_executor.executor.parallel:loop closed
[4.488s] DEBUG:colcon.colcon_parallel_executor.executor.parallel:run_until_complete finished with '0'
[4.488s] DEBUG:colcon.colcon_core.event_reactor:joining thread
[4.495s] INFO:colcon.colcon_core.plugin_system:Skipping extension 'colcon_notification.desktop_notification.terminal_notifier': Not used on non-Darwin systems
[4.495s] INFO:colcon.colcon_core.plugin_system:Skipping extension 'colcon_notification.desktop_notification.win32': Not used on non-Windows systems
[4.495s] INFO:colcon.colcon_notification.desktop_notification:Sending desktop notification using 'notify2'
[4.524s] DEBUG:colcon.colcon_core.event_reactor:joined thread
[4.526s] INFO:colcon.colcon_core.shell:Creating prefix script '/home/luismilczarek/DangerZone/FURG/aic3/robot_ws/install/local_setup.ps1'
[4.527s] INFO:colcon.colcon_core.shell:Creating prefix util module '/home/luismilczarek/DangerZone/FURG/aic3/robot_ws/install/_local_setup_util_ps1.py'
[4.528s] INFO:colcon.colcon_core.shell:Creating prefix chain script '/home/luismilczarek/DangerZone/FURG/aic3/robot_ws/install/setup.ps1'
[4.530s] INFO:colcon.colcon_core.shell:Creating prefix script '/home/luismilczarek/DangerZone/FURG/aic3/robot_ws/install/local_setup.sh'
[4.531s] INFO:colcon.colcon_core.shell:Creating prefix util module '/home/luismilczarek/DangerZone/FURG/aic3/robot_ws/install/_local_setup_util_sh.py'
[4.531s] INFO:colcon.colcon_core.shell:Creating prefix chain script '/home/luismilczarek/DangerZone/FURG/aic3/robot_ws/install/setup.sh'
[4.534s] INFO:colcon.colcon_core.shell:Creating prefix script '/home/luismilczarek/DangerZone/FURG/aic3/robot_ws/install/local_setup.bash'
[4.534s] INFO:colcon.colcon_core.shell:Creating prefix chain script '/home/luismilczarek/DangerZone/FURG/aic3/robot_ws/install/setup.bash'
[4.535s] INFO:colcon.colcon_core.shell:Creating prefix script '/home/luismilczarek/DangerZone/FURG/aic3/robot_ws/install/local_setup.zsh'
[4.536s] INFO:colcon.colcon_core.shell:Creating prefix chain script '/home/luismilczarek/DangerZone/FURG/aic3/robot_ws/install/setup.zsh'
