[0.909s] Invoking command in '/home/luismilczarek/DangerZone/FURG/aic3/robot_ws/build/robot_description': PYTHONPATH=/home/luismilczarek/DangerZone/FURG/aic3/robot_ws/build/robot_description/prefix_override:/home/luismilczarek/DangerZone/FURG/aic3/robot_ws/install/robot_description/lib/python3.8/site-packages:${PYTHONPATH} /usr/bin/python3 setup.py develop --editable --build-directory /home/luismilczarek/DangerZone/FURG/aic3/robot_ws/build/robot_description/build --no-deps install_data
[1.149s] running develop
[1.330s] running egg_info
[1.330s] creating robot_description.egg-info
[1.331s] writing robot_description.egg-info/PKG-INFO
[1.331s] writing dependency_links to robot_description.egg-info/dependency_links.txt
[1.331s] writing entry points to robot_description.egg-info/entry_points.txt
[1.331s] writing requirements to robot_description.egg-info/requires.txt
[1.331s] writing top-level names to robot_description.egg-info/top_level.txt
[1.332s] writing manifest file 'robot_description.egg-info/SOURCES.txt'
[1.358s] reading manifest file 'robot_description.egg-info/SOURCES.txt'
[1.359s] writing manifest file 'robot_description.egg-info/SOURCES.txt'
[1.388s] running build_ext
[1.388s] Creating /home/luismilczarek/DangerZone/FURG/aic3/robot_ws/install/robot_description/lib/python3.8/site-packages/site.py
[1.390s] Creating /home/luismilczarek/DangerZone/FURG/aic3/robot_ws/install/robot_description/lib/python3.8/site-packages/robot-description.egg-link (link to .)
[1.391s] 
[1.391s] Installed /home/luismilczarek/DangerZone/FURG/aic3/robot_ws/build/robot_description
[1.391s] running install_data
[1.391s] creating /home/luismilczarek/DangerZone/FURG/aic3/robot_ws/install/robot_description/share/ament_index
[1.391s] creating /home/luismilczarek/DangerZone/FURG/aic3/robot_ws/install/robot_description/share/ament_index/resource_index
[1.391s] creating /home/luismilczarek/DangerZone/FURG/aic3/robot_ws/install/robot_description/share/ament_index/resource_index/packages
[1.391s] copying resource/robot_description -> /home/luismilczarek/DangerZone/FURG/aic3/robot_ws/install/robot_description/share/ament_index/resource_index/packages
[1.391s] copying package.xml -> /home/luismilczarek/DangerZone/FURG/aic3/robot_ws/install/robot_description/share/robot_description
[1.391s] creating /home/luismilczarek/DangerZone/FURG/aic3/robot_ws/install/robot_description/share/robot_description/config
[1.392s] copying config/nav2_params.yaml -> /home/luismilczarek/DangerZone/FURG/aic3/robot_ws/install/robot_description/share/robot_description/config
[1.392s] creating /home/luismilczarek/DangerZone/FURG/aic3/robot_ws/install/robot_description/share/robot_description/urdf
[1.392s] copying urdf/turtlebot3_waffle_pi.urdf -> /home/luismilczarek/DangerZone/FURG/aic3/robot_ws/install/robot_description/share/robot_description/urdf
[1.392s] copying urdf/turtlebot3_waffle.urdf -> /home/luismilczarek/DangerZone/FURG/aic3/robot_ws/install/robot_description/share/robot_description/urdf
[1.426s] creating /home/luismilczarek/DangerZone/FURG/aic3/robot_ws/install/robot_description/share/robot_description/models
[1.426s] copying models/model.sdf -> /home/luismilczarek/DangerZone/FURG/aic3/robot_ws/install/robot_description/share/robot_description/models
[1.442s] copying models/model-pi.sdf -> /home/luismilczarek/DangerZone/FURG/aic3/robot_ws/install/robot_description/share/robot_description/models
[1.471s] Invoked command in '/home/luismilczarek/DangerZone/FURG/aic3/robot_ws/build/robot_description' returned '0': PYTHONPATH=/home/luismilczarek/DangerZone/FURG/aic3/robot_ws/build/robot_description/prefix_override:/home/luismilczarek/DangerZone/FURG/aic3/robot_ws/install/robot_description/lib/python3.8/site-packages:${PYTHONPATH} /usr/bin/python3 setup.py develop --editable --build-directory /home/luismilczarek/DangerZone/FURG/aic3/robot_ws/build/robot_description/build --no-deps install_data
