[0.308s] DEBUG:colcon:Command line arguments: ['/usr/bin/colcon', 'build', '--symlink-install']
[0.308s] DEBUG:colcon:Parsed command line arguments: Namespace(allow_overriding=[], ament_cmake_args=None, base_paths=['.'], build_base='build', catkin_cmake_args=None, catkin_skip_building_tests=False, cmake_args=None, cmake_clean_cache=False, cmake_clean_first=False, cmake_force_configure=False, cmake_target=None, cmake_target_skip_unavailable=False, continue_on_error=False, event_handlers=None, executor='parallel', ignore_user_meta=False, install_base='install', log_base=None, log_level=None, main=<bound method BuildVerb.main of <colcon_core.verb.build.BuildVerb object at 0x7f267d2fe250>>, merge_install=False, metas=['./colcon.meta'], packages_above=None, packages_above_and_dependencies=None, packages_above_depth=None, packages_end=None, packages_ignore=None, packages_ignore_regex=None, packages_select=None, packages_select_build_failed=False, packages_select_by_dep=None, packages_select_regex=None, packages_select_test_failures=False, packages_skip=None, packages_skip_build_finished=False, packages_skip_by_dep=None, packages_skip_regex=None, packages_skip_test_passed=False, packages_skip_up_to=None, packages_start=None, packages_up_to=None, packages_up_to_regex=None, parallel_workers=6, paths=None, symlink_install=True, test_result_base=None, verb_extension=<colcon_core.verb.build.BuildVerb object at 0x7f267d2fe250>, verb_name='build', verb_parser=<colcon_defaults.argument_parser.defaults.DefaultArgumentsDecorator object at 0x7f267d2fe790>)
[0.336s] Level 1:colcon.colcon_core.package_discovery:discover_packages(colcon_meta) check parameters
[0.336s] Level 1:colcon.colcon_core.package_discovery:discover_packages(recursive) check parameters
[0.337s] Level 1:colcon.colcon_core.package_discovery:discover_packages(ignore) check parameters
[0.337s] Level 1:colcon.colcon_core.package_discovery:discover_packages(path) check parameters
[0.337s] Level 1:colcon.colcon_core.package_discovery:discover_packages(colcon_meta) discover
[0.337s] Level 1:colcon.colcon_core.package_discovery:discover_packages(recursive) discover
[0.337s] INFO:colcon.colcon_core.package_discovery:Crawling recursively for packages in '/home/luismilczarek/DangerZone/FURG/aic3/robot_ws/src/robot_behavior'
[0.337s] Level 1:colcon.colcon_core.package_identification:_identify(.) by extensions ['ignore', 'ignore_ament_install']
[0.337s] Level 1:colcon.colcon_core.package_identification:_identify(.) by extension 'ignore'
[0.337s] Level 1:colcon.colcon_core.package_identification:_identify(.) by extension 'ignore_ament_install'
[0.337s] Level 1:colcon.colcon_core.package_identification:_identify(.) by extensions ['colcon_pkg']
[0.337s] Level 1:colcon.colcon_core.package_identification:_identify(.) by extension 'colcon_pkg'
[0.337s] Level 1:colcon.colcon_core.package_identification:_identify(.) by extensions ['colcon_meta']
[0.337s] Level 1:colcon.colcon_core.package_identification:_identify(.) by extension 'colcon_meta'
[0.337s] Level 1:colcon.colcon_core.package_identification:_identify(.) by extensions ['ros']
[0.337s] Level 1:colcon.colcon_core.package_identification:_identify(.) by extension 'ros'
[0.348s] DEBUG:colcon.colcon_core.package_identification:Package '.' with type 'ros.ament_python' and name 'robot_behavior'
[0.348s] Level 1:colcon.colcon_core.package_discovery:discover_packages(recursive) using defaults
[0.348s] Level 1:colcon.colcon_core.package_discovery:discover_packages(ignore) discover
[0.348s] Level 1:colcon.colcon_core.package_discovery:discover_packages(ignore) using defaults
[0.348s] Level 1:colcon.colcon_core.package_discovery:discover_packages(path) discover
[0.348s] Level 1:colcon.colcon_core.package_discovery:discover_packages(path) using defaults
[0.365s] Level 1:colcon.colcon_core.package_discovery:discover_packages(prefix_path) check parameters
[0.365s] Level 1:colcon.colcon_core.package_discovery:discover_packages(prefix_path) discover
[0.368s] DEBUG:colcon.colcon_installed_package_information.package_discovery:Found 3 installed packages in /home/luismilczarek/DangerZone/FURG/aic3/robot_ws/install
[0.369s] DEBUG:colcon.colcon_installed_package_information.package_discovery:Found 318 installed packages in /opt/ros/galactic
[0.371s] DEBUG:colcon.colcon_installed_package_information.package_discovery:Found 2 installed packages in /opt/ros/noetic
[0.371s] Level 1:colcon.colcon_core.package_discovery:discover_packages(prefix_path) using defaults
[0.443s] Level 5:colcon.colcon_core.verb:set package 'robot_behavior' build argument 'cmake_args' from command line to 'None'
[0.443s] Level 5:colcon.colcon_core.verb:set package 'robot_behavior' build argument 'cmake_target' from command line to 'None'
[0.443s] Level 5:colcon.colcon_core.verb:set package 'robot_behavior' build argument 'cmake_target_skip_unavailable' from command line to 'False'
[0.443s] Level 5:colcon.colcon_core.verb:set package 'robot_behavior' build argument 'cmake_clean_cache' from command line to 'False'
[0.443s] Level 5:colcon.colcon_core.verb:set package 'robot_behavior' build argument 'cmake_clean_first' from command line to 'False'
[0.443s] Level 5:colcon.colcon_core.verb:set package 'robot_behavior' build argument 'cmake_force_configure' from command line to 'False'
[0.443s] Level 5:colcon.colcon_core.verb:set package 'robot_behavior' build argument 'ament_cmake_args' from command line to 'None'
[0.443s] Level 5:colcon.colcon_core.verb:set package 'robot_behavior' build argument 'catkin_cmake_args' from command line to 'None'
[0.443s] Level 5:colcon.colcon_core.verb:set package 'robot_behavior' build argument 'catkin_skip_building_tests' from command line to 'False'
[0.443s] DEBUG:colcon.colcon_core.verb:Building package 'robot_behavior' with the following arguments: {'ament_cmake_args': None, 'build_base': '/home/luismilczarek/DangerZone/FURG/aic3/robot_ws/src/robot_behavior/build/robot_behavior', 'catkin_cmake_args': None, 'catkin_skip_building_tests': False, 'cmake_args': None, 'cmake_clean_cache': False, 'cmake_clean_first': False, 'cmake_force_configure': False, 'cmake_target': None, 'cmake_target_skip_unavailable': False, 'install_base': '/home/luismilczarek/DangerZone/FURG/aic3/robot_ws/src/robot_behavior/install/robot_behavior', 'merge_install': False, 'path': '/home/luismilczarek/DangerZone/FURG/aic3/robot_ws/src/robot_behavior', 'symlink_install': True, 'test_result_base': None}
[0.444s] INFO:colcon.colcon_core.executor:Executing jobs using 'parallel' executor
[0.447s] DEBUG:colcon.colcon_parallel_executor.executor.parallel:run_until_complete
[0.447s] INFO:colcon.colcon_ros.task.ament_python.build:Building ROS package in '/home/luismilczarek/DangerZone/FURG/aic3/robot_ws/src/robot_behavior' with build type 'ament_python'
[0.447s] Level 1:colcon.colcon_core.shell:create_environment_hook('robot_behavior', 'ament_prefix_path')
[0.451s] INFO:colcon.colcon_core.plugin_system:Skipping extension 'colcon_core.shell.bat': Not used on non-Windows systems
[0.451s] INFO:colcon.colcon_core.shell:Creating environment hook '/home/luismilczarek/DangerZone/FURG/aic3/robot_ws/src/robot_behavior/install/robot_behavior/share/robot_behavior/hook/ament_prefix_path.ps1'
[0.452s] INFO:colcon.colcon_core.shell:Creating environment descriptor '/home/luismilczarek/DangerZone/FURG/aic3/robot_ws/src/robot_behavior/install/robot_behavior/share/robot_behavior/hook/ament_prefix_path.dsv'
[0.452s] INFO:colcon.colcon_core.shell:Creating environment hook '/home/luismilczarek/DangerZone/FURG/aic3/robot_ws/src/robot_behavior/install/robot_behavior/share/robot_behavior/hook/ament_prefix_path.sh'
[0.454s] INFO:colcon.colcon_core.shell:Skip shell extension 'powershell' for command environment: Not usable outside of PowerShell
[0.454s] DEBUG:colcon.colcon_core.shell:Skip shell extension 'dsv' for command environment
[0.690s] INFO:colcon.colcon_core.task.python.build:Building Python package in '/home/luismilczarek/DangerZone/FURG/aic3/robot_ws/src/robot_behavior'
[0.692s] INFO:colcon.colcon_core.shell:Skip shell extension 'powershell' for command environment: Not usable outside of PowerShell
[0.692s] DEBUG:colcon.colcon_core.shell:Skip shell extension 'dsv' for command environment
[1.082s] DEBUG:colcon.colcon_core.event_handler.log_command:Invoking command in '/home/luismilczarek/DangerZone/FURG/aic3/robot_ws/src/robot_behavior/build/robot_behavior': PYTHONPATH=/home/luismilczarek/DangerZone/FURG/aic3/robot_ws/src/robot_behavior/build/robot_behavior/prefix_override:/home/luismilczarek/DangerZone/FURG/aic3/robot_ws/src/robot_behavior/install/robot_behavior/lib/python3.8/site-packages:${PYTHONPATH} /usr/bin/python3 setup.py develop --editable --build-directory /home/luismilczarek/DangerZone/FURG/aic3/robot_ws/src/robot_behavior/build/robot_behavior/build --no-deps install_data
[1.606s] Level 1:colcon.colcon_core.shell:create_environment_hook('robot_behavior', 'pythonpath_develop')
[1.607s] DEBUG:colcon.colcon_core.event_handler.log_command:Invoked command in '/home/luismilczarek/DangerZone/FURG/aic3/robot_ws/src/robot_behavior/build/robot_behavior' returned '0': PYTHONPATH=/home/luismilczarek/DangerZone/FURG/aic3/robot_ws/src/robot_behavior/build/robot_behavior/prefix_override:/home/luismilczarek/DangerZone/FURG/aic3/robot_ws/src/robot_behavior/install/robot_behavior/lib/python3.8/site-packages:${PYTHONPATH} /usr/bin/python3 setup.py develop --editable --build-directory /home/luismilczarek/DangerZone/FURG/aic3/robot_ws/src/robot_behavior/build/robot_behavior/build --no-deps install_data
[1.609s] INFO:colcon.colcon_core.shell:Creating environment hook '/home/luismilczarek/DangerZone/FURG/aic3/robot_ws/src/robot_behavior/build/robot_behavior/share/robot_behavior/hook/pythonpath_develop.ps1'
[1.609s] INFO:colcon.colcon_core.shell:Creating environment descriptor '/home/luismilczarek/DangerZone/FURG/aic3/robot_ws/src/robot_behavior/build/robot_behavior/share/robot_behavior/hook/pythonpath_develop.dsv'
[1.609s] INFO:colcon.colcon_core.shell:Creating environment hook '/home/luismilczarek/DangerZone/FURG/aic3/robot_ws/src/robot_behavior/build/robot_behavior/share/robot_behavior/hook/pythonpath_develop.sh'
[1.614s] Level 1:colcon.colcon_core.environment:checking '/home/luismilczarek/DangerZone/FURG/aic3/robot_ws/src/robot_behavior/install/robot_behavior' for CMake module files
[1.614s] Level 1:colcon.colcon_core.environment:checking '/home/luismilczarek/DangerZone/FURG/aic3/robot_ws/src/robot_behavior/install/robot_behavior' for CMake config files
[1.615s] Level 1:colcon.colcon_core.environment:checking '/home/luismilczarek/DangerZone/FURG/aic3/robot_ws/src/robot_behavior/install/robot_behavior/lib'
[1.615s] Level 1:colcon.colcon_core.environment:checking '/home/luismilczarek/DangerZone/FURG/aic3/robot_ws/src/robot_behavior/install/robot_behavior/bin'
[1.615s] Level 1:colcon.colcon_core.environment:checking '/home/luismilczarek/DangerZone/FURG/aic3/robot_ws/src/robot_behavior/install/robot_behavior/lib/pkgconfig/robot_behavior.pc'
[1.615s] Level 1:colcon.colcon_core.environment:checking '/home/luismilczarek/DangerZone/FURG/aic3/robot_ws/src/robot_behavior/install/robot_behavior/lib/python3.8/site-packages'
[1.616s] Level 1:colcon.colcon_core.shell:create_environment_hook('robot_behavior', 'pythonpath')
[1.617s] INFO:colcon.colcon_core.shell:Creating environment hook '/home/luismilczarek/DangerZone/FURG/aic3/robot_ws/src/robot_behavior/install/robot_behavior/share/robot_behavior/hook/pythonpath.ps1'
[1.617s] INFO:colcon.colcon_core.shell:Creating environment descriptor '/home/luismilczarek/DangerZone/FURG/aic3/robot_ws/src/robot_behavior/install/robot_behavior/share/robot_behavior/hook/pythonpath.dsv'
[1.617s] INFO:colcon.colcon_core.shell:Creating environment hook '/home/luismilczarek/DangerZone/FURG/aic3/robot_ws/src/robot_behavior/install/robot_behavior/share/robot_behavior/hook/pythonpath.sh'
[1.618s] Level 1:colcon.colcon_core.environment:checking '/home/luismilczarek/DangerZone/FURG/aic3/robot_ws/src/robot_behavior/install/robot_behavior/bin'
[1.618s] Level 1:colcon.colcon_core.environment:create_environment_scripts_only(robot_behavior)
[1.619s] INFO:colcon.colcon_core.shell:Creating package script '/home/luismilczarek/DangerZone/FURG/aic3/robot_ws/src/robot_behavior/install/robot_behavior/share/robot_behavior/package.ps1'
[1.620s] INFO:colcon.colcon_core.shell:Creating package descriptor '/home/luismilczarek/DangerZone/FURG/aic3/robot_ws/src/robot_behavior/install/robot_behavior/share/robot_behavior/package.dsv'
[1.620s] INFO:colcon.colcon_core.shell:Creating package script '/home/luismilczarek/DangerZone/FURG/aic3/robot_ws/src/robot_behavior/install/robot_behavior/share/robot_behavior/package.sh'
[1.621s] INFO:colcon.colcon_core.shell:Creating package script '/home/luismilczarek/DangerZone/FURG/aic3/robot_ws/src/robot_behavior/install/robot_behavior/share/robot_behavior/package.bash'
[1.621s] INFO:colcon.colcon_core.shell:Creating package script '/home/luismilczarek/DangerZone/FURG/aic3/robot_ws/src/robot_behavior/install/robot_behavior/share/robot_behavior/package.zsh'
[1.622s] Level 1:colcon.colcon_core.environment:create_file_with_runtime_dependencies(/home/luismilczarek/DangerZone/FURG/aic3/robot_ws/src/robot_behavior/install/robot_behavior/share/colcon-core/packages/robot_behavior)
[1.622s] DEBUG:colcon.colcon_parallel_executor.executor.parallel:closing loop
[1.622s] DEBUG:colcon.colcon_parallel_executor.executor.parallel:loop closed
[1.622s] DEBUG:colcon.colcon_parallel_executor.executor.parallel:run_until_complete finished with '0'
[1.622s] DEBUG:colcon.colcon_core.event_reactor:joining thread
[1.627s] INFO:colcon.colcon_core.plugin_system:Skipping extension 'colcon_notification.desktop_notification.terminal_notifier': Not used on non-Darwin systems
[1.627s] INFO:colcon.colcon_core.plugin_system:Skipping extension 'colcon_notification.desktop_notification.win32': Not used on non-Windows systems
[1.627s] INFO:colcon.colcon_notification.desktop_notification:Sending desktop notification using 'notify2'
[1.651s] DEBUG:colcon.colcon_core.event_reactor:joined thread
[1.653s] INFO:colcon.colcon_core.shell:Creating prefix script '/home/luismilczarek/DangerZone/FURG/aic3/robot_ws/src/robot_behavior/install/local_setup.ps1'
[1.654s] INFO:colcon.colcon_core.shell:Creating prefix util module '/home/luismilczarek/DangerZone/FURG/aic3/robot_ws/src/robot_behavior/install/_local_setup_util_ps1.py'
[1.656s] INFO:colcon.colcon_core.shell:Creating prefix chain script '/home/luismilczarek/DangerZone/FURG/aic3/robot_ws/src/robot_behavior/install/setup.ps1'
[1.658s] INFO:colcon.colcon_core.shell:Creating prefix script '/home/luismilczarek/DangerZone/FURG/aic3/robot_ws/src/robot_behavior/install/local_setup.sh'
[1.658s] INFO:colcon.colcon_core.shell:Creating prefix util module '/home/luismilczarek/DangerZone/FURG/aic3/robot_ws/src/robot_behavior/install/_local_setup_util_sh.py'
[1.659s] INFO:colcon.colcon_core.shell:Creating prefix chain script '/home/luismilczarek/DangerZone/FURG/aic3/robot_ws/src/robot_behavior/install/setup.sh'
[1.660s] INFO:colcon.colcon_core.shell:Creating prefix script '/home/luismilczarek/DangerZone/FURG/aic3/robot_ws/src/robot_behavior/install/local_setup.bash'
[1.663s] INFO:colcon.colcon_core.shell:Creating prefix chain script '/home/luismilczarek/DangerZone/FURG/aic3/robot_ws/src/robot_behavior/install/setup.bash'
[1.665s] INFO:colcon.colcon_core.shell:Creating prefix script '/home/luismilczarek/DangerZone/FURG/aic3/robot_ws/src/robot_behavior/install/local_setup.zsh'
[1.666s] INFO:colcon.colcon_core.shell:Creating prefix chain script '/home/luismilczarek/DangerZone/FURG/aic3/robot_ws/src/robot_behavior/install/setup.zsh'
