running develop
running egg_info
creating robot_behavior.egg-info
writing robot_behavior.egg-info/PKG-INFO
writing dependency_links to robot_behavior.egg-info/dependency_links.txt
writing entry points to robot_behavior.egg-info/entry_points.txt
writing requirements to robot_behavior.egg-info/requires.txt
writing top-level names to robot_behavior.egg-info/top_level.txt
writing manifest file 'robot_behavior.egg-info/SOURCES.txt'
reading manifest file 'robot_behavior.egg-info/SOURCES.txt'
writing manifest file 'robot_behavior.egg-info/SOURCES.txt'
running build_ext
Creating /home/luismilczarek/DangerZone/FURG/aic3/robot_ws/src/robot_behavior/install/robot_behavior/lib/python3.8/site-packages/site.py
Creating /home/luismilczarek/DangerZone/FURG/aic3/robot_ws/src/robot_behavior/install/robot_behavior/lib/python3.8/site-packages/robot-behavior.egg-link (link to .)

Installed /home/luismilczarek/DangerZone/FURG/aic3/robot_ws/src/robot_behavior/build/robot_behavior
running install_data
creating /home/luismilczarek/DangerZone/FURG/aic3/robot_ws/src/robot_behavior/install/robot_behavior/share/ament_index
creating /home/luismilczarek/DangerZone/FURG/aic3/robot_ws/src/robot_behavior/install/robot_behavior/share/ament_index/resource_index
creating /home/luismilczarek/DangerZone/FURG/aic3/robot_ws/src/robot_behavior/install/robot_behavior/share/ament_index/resource_index/packages
copying resource/robot_behavior -> /home/luismilczarek/DangerZone/FURG/aic3/robot_ws/src/robot_behavior/install/robot_behavior/share/ament_index/resource_index/packages
copying package.xml -> /home/luismilczarek/DangerZone/FURG/aic3/robot_ws/src/robot_behavior/install/robot_behavior/share/robot_behavior
creating /home/luismilczarek/DangerZone/FURG/aic3/robot_ws/src/robot_behavior/install/robot_behavior/share/robot_behavior/launch
copying launch/robot_warehouse.launch.py -> /home/luismilczarek/DangerZone/FURG/aic3/robot_ws/src/robot_behavior/install/robot_behavior/share/robot_behavior/launch
copying launch/robot_world.launch.xml -> /home/luismilczarek/DangerZone/FURG/aic3/robot_ws/src/robot_behavior/install/robot_behavior/share/robot_behavior/launch
