[0.635s] Invoking command in '/home/luismilczarek/DangerZone/FURG/aic3/robot_ws/src/robot_behavior/build/robot_behavior': PYTHONPATH=/home/luismilczarek/DangerZone/FURG/aic3/robot_ws/src/robot_behavior/build/robot_behavior/prefix_override:/home/luismilczarek/DangerZone/FURG/aic3/robot_ws/src/robot_behavior/install/robot_behavior/lib/python3.8/site-packages:${PYTHONPATH} /usr/bin/python3 setup.py develop --editable --build-directory /home/luismilczarek/DangerZone/FURG/aic3/robot_ws/src/robot_behavior/build/robot_behavior/build --no-deps install_data
[0.870s] running develop
[1.047s] running egg_info
[1.047s] creating robot_behavior.egg-info
[1.047s] writing robot_behavior.egg-info/PKG-INFO
[1.047s] writing dependency_links to robot_behavior.egg-info/dependency_links.txt
[1.047s] writing entry points to robot_behavior.egg-info/entry_points.txt
[1.047s] writing requirements to robot_behavior.egg-info/requires.txt
[1.047s] writing top-level names to robot_behavior.egg-info/top_level.txt
[1.048s] writing manifest file 'robot_behavior.egg-info/SOURCES.txt'
[1.075s] reading manifest file 'robot_behavior.egg-info/SOURCES.txt'
[1.075s] writing manifest file 'robot_behavior.egg-info/SOURCES.txt'
[1.108s] running build_ext
[1.108s] Creating /home/luismilczarek/DangerZone/FURG/aic3/robot_ws/src/robot_behavior/install/robot_behavior/lib/python3.8/site-packages/site.py
[1.110s] Creating /home/luismilczarek/DangerZone/FURG/aic3/robot_ws/src/robot_behavior/install/robot_behavior/lib/python3.8/site-packages/robot-behavior.egg-link (link to .)
[1.111s] 
[1.111s] Installed /home/luismilczarek/DangerZone/FURG/aic3/robot_ws/src/robot_behavior/build/robot_behavior
[1.111s] running install_data
[1.111s] creating /home/luismilczarek/DangerZone/FURG/aic3/robot_ws/src/robot_behavior/install/robot_behavior/share/ament_index
[1.111s] creating /home/luismilczarek/DangerZone/FURG/aic3/robot_ws/src/robot_behavior/install/robot_behavior/share/ament_index/resource_index
[1.111s] creating /home/luismilczarek/DangerZone/FURG/aic3/robot_ws/src/robot_behavior/install/robot_behavior/share/ament_index/resource_index/packages
[1.111s] copying resource/robot_behavior -> /home/luismilczarek/DangerZone/FURG/aic3/robot_ws/src/robot_behavior/install/robot_behavior/share/ament_index/resource_index/packages
[1.111s] copying package.xml -> /home/luismilczarek/DangerZone/FURG/aic3/robot_ws/src/robot_behavior/install/robot_behavior/share/robot_behavior
[1.111s] creating /home/luismilczarek/DangerZone/FURG/aic3/robot_ws/src/robot_behavior/install/robot_behavior/share/robot_behavior/launch
[1.111s] copying launch/robot_warehouse.launch.py -> /home/luismilczarek/DangerZone/FURG/aic3/robot_ws/src/robot_behavior/install/robot_behavior/share/robot_behavior/launch
[1.112s] copying launch/robot_world.launch.xml -> /home/luismilczarek/DangerZone/FURG/aic3/robot_ws/src/robot_behavior/install/robot_behavior/share/robot_behavior/launch
[1.159s] Invoked command in '/home/luismilczarek/DangerZone/FURG/aic3/robot_ws/src/robot_behavior/build/robot_behavior' returned '0': PYTHONPATH=/home/luismilczarek/DangerZone/FURG/aic3/robot_ws/src/robot_behavior/build/robot_behavior/prefix_override:/home/luismilczarek/DangerZone/FURG/aic3/robot_ws/src/robot_behavior/install/robot_behavior/lib/python3.8/site-packages:${PYTHONPATH} /usr/bin/python3 setup.py develop --editable --build-directory /home/luismilczarek/DangerZone/FURG/aic3/robot_ws/src/robot_behavior/build/robot_behavior/build --no-deps install_data
